0 info it worked if it ends with ok
1 verbose cli [ '/home/watheuer/.nvm/versions/node/v5.12.0/bin/node',
1 verbose cli   '/home/watheuer/.nvm/versions/node/v5.12.0/bin/npm',
1 verbose cli   'start' ]
2 info using npm@3.8.6
3 info using node@v5.12.0
4 verbose run-script [ 'prestart', 'start', 'poststart' ]
5 info lifecycle wm-brainstorm@1.0.0~prestart: wm-brainstorm@1.0.0
6 silly lifecycle wm-brainstorm@1.0.0~prestart: no script for prestart, continuing
7 info lifecycle wm-brainstorm@1.0.0~start: wm-brainstorm@1.0.0
8 verbose lifecycle wm-brainstorm@1.0.0~start: unsafe-perm in lifecycle true
9 verbose lifecycle wm-brainstorm@1.0.0~start: PATH: /home/watheuer/.nvm/versions/node/v5.12.0/lib/node_modules/npm/bin/node-gyp-bin:/home/watheuer/workspace/wm-brainstorm/node_modules/.bin:/home/watheuer/.nvm/versions/node/v5.12.0/bin:/home/watheuer/.nvm/versions/node/v5.12.0/bin:/home/watheuer/anaconda3/bin:/usr/local/heroku/bin:/home/watheuer/anaconda3/bin:/usr/local/heroku/bin:/usr/lib64/qt-3.3/bin:/home/watheuer/.rvm/gems/ruby-2.2.1/bin:/home/watheuer/.rvm/gems/ruby-2.2.1@global/bin:/home/watheuer/.rvm/rubies/ruby-2.2.1/bin:/usr/local/heroku/bin:/usr/local/bin:/usr/local/sbin:/usr/bin:/usr/sbin:/home/watheuer/.rvm/bin:/home/watheuer/.rvm/bin:/home/watheuer/.rvm/bin:/home/watheuer/.rvm/bin:/home/watheuer/.local/bin:/home/watheuer/bin:/home/watheuer/.rvm/bin:/home/watheuer/.rvm/bin
10 verbose lifecycle wm-brainstorm@1.0.0~start: CWD: /home/watheuer/workspace/wm-brainstorm
11 silly lifecycle wm-brainstorm@1.0.0~start: Args: [ '-c', 'node index.js' ]
12 silly lifecycle wm-brainstorm@1.0.0~start: Returned: code: 1  signal: null
13 info lifecycle wm-brainstorm@1.0.0~start: Failed to exec start script
14 verbose stack Error: wm-brainstorm@1.0.0 start: `node index.js`
14 verbose stack Exit status 1
14 verbose stack     at EventEmitter.<anonymous> (/home/watheuer/.nvm/versions/node/v5.12.0/lib/node_modules/npm/lib/utils/lifecycle.js:239:16)
14 verbose stack     at emitTwo (events.js:100:13)
14 verbose stack     at EventEmitter.emit (events.js:185:7)
14 verbose stack     at ChildProcess.<anonymous> (/home/watheuer/.nvm/versions/node/v5.12.0/lib/node_modules/npm/lib/utils/spawn.js:24:14)
14 verbose stack     at emitTwo (events.js:100:13)
14 verbose stack     at ChildProcess.emit (events.js:185:7)
14 verbose stack     at maybeClose (internal/child_process.js:850:16)
14 verbose stack     at Process.ChildProcess._handle.onexit (internal/child_process.js:215:5)
15 verbose pkgid wm-brainstorm@1.0.0
16 verbose cwd /home/watheuer/workspace/wm-brainstorm
17 error Linux 4.8.13-100.fc23.x86_64
18 error argv "/home/watheuer/.nvm/versions/node/v5.12.0/bin/node" "/home/watheuer/.nvm/versions/node/v5.12.0/bin/npm" "start"
19 error node v5.12.0
20 error npm  v3.8.6
21 error code ELIFECYCLE
22 error wm-brainstorm@1.0.0 start: `node index.js`
22 error Exit status 1
23 error Failed at the wm-brainstorm@1.0.0 start script 'node index.js'.
23 error Make sure you have the latest version of node.js and npm installed.
23 error If you do, this is most likely a problem with the wm-brainstorm package,
23 error not with npm itself.
23 error Tell the author that this fails on your system:
23 error     node index.js
23 error You can get information on how to open an issue for this project with:
23 error     npm bugs wm-brainstorm
23 error Or if that isn't available, you can get their info via:
23 error     npm owner ls wm-brainstorm
23 error There is likely additional logging output above.
24 verbose exit [ 1, true ]
